[45279][1778899426043][main][info]["Booting Postman 12.10.6, linux-7.0.5-2-cachyos on x64"]
[45279][1778899426047][main][info]["EventBus~initialize - Success"]
[45279][1778899426049][main][info]["Proxy configuration has not been setup"]
[45279][1778899426049][main][info]["CloudProxyManager~init - Success"]
[45279][1778899426051][main][info]["performShellDataMigration: Starting shell data migration"]
[45279][1778899426051][main][info]["migrateShellData:Starting"]
[45279][1778899426053][main][info]["migrateShellData: Old storage cleaned up"]
[45279][1778899426302][main][info]["migrateShellData: Got data from shell. Writing to storage"]
[45279][1778899426314][main][info]["performShellDataMigration: Migration successful on try count 1"]
[45279][1778899426328][main][info]["UpdateHandler~init - Success"]
[45279][1778899426331][main][info]["LeaderSelection: Initialized successfully"]
[45279][1778899426333][main][info]["[DatasetEngine] Starting daemon (engine version: 0.0.1-beta.17, platform: linux-x64)"]
[45279][1778899426333][main][info]["[DatasetEngine] Extracting /opt/postman/app/resources/data/postman-dataset-engine-linux-amd64.tar.br to /home/ciro/.config/Postman/dataset-engine"]
[45279][1778899427080][main][info]["main~onAppReady - Mock server IPC setup successful"]
[45279][1778899427157][main][info]["GPU detected VID 4318 DID 9568 ACTIVE true"]
[45279][1778899427157][main][info]["GPU detected VID 32902 DID 18086 ACTIVE false"]
[45279][1778899427336][main][info]["main.js: Agent started"]
[45279][1778899427337][main][info]["main.js: Payment view IPC handlers initialized"]
[45279][1778899427337][main][info]["shellController~init: Success"]
[45279][1778899427337][main][info]["shellMeta~init: Success"]
[45279][1778899427338][main][info]["partitionMigrationService: State of V7 partition:"]
[45279][1778899427338][main][info]["partitionMigrationService: V7 partitions",[]]
[45279][1778899427338][main][info]["partitionMigrationService~rectifyNamespaceOfScratchPadPartition: There is no partition with scratchpad namespace"]
[45279][1778899427338][main][info]["partitionMigrationService~rectifyNamespaceOfScratchPadPartition: There is no transit partition which could have been used for scratchpad"]
[45279][1778899427338][main][info]["partitionMigrationService~init: Success"]
[45279][1778899427338][main][info]["partitionMigrationService~runV8PartitionsIntegrity: Two way migration~ removing the following partitions from v8",[]]
[45279][1778899427339][main][info]["userPartitionService~_rectifyTheActivePartitionOfApplication: Setting the active partition to ",null]
[45279][1778899427354][main][info]["Main~window-all-closed: fired",{"platform":"linux","isFirstRequesterBooted":false,"isRelaunchingRequesterWindows":false,"shouldQuit":false}]
[45279][1778899427354][main][info]["Main~window-all-closed: skipping quit (relaunch in progress)"]
[45279][1778899427364][main][info]["LinuxAutoUpdater~Cleanup - Initial cleanup successful"]
[45279][1778899427382][main][info]["newAccountRegionPreferenceService~getPreferenceWithFallback - Preference not found in storage."]
[45279][1778899427382][main][info]["newAccountRegionPreferenceService~getToggleMenuTemplate - Using preference:","useUSRegion"]
[45279][1778899427393][main][info]["userPartitionService~init: Success"]
[45279][1778899427411][main][info]["WindowManager~newRequesterWindow: called",{"source":"openFirstRequesterWindow","isFirstRequester":true,"hasAuthResponse":false,"hasWindowId":false,"isFirstRequesterBooted":false,"isRelaunchingRequesterWindows":false,"openWindowCount":0}]
[45279][1778899427411][main][info]["userPartitionService: State of v8 partition system:"]
[45279][1778899427411][main][info]["shell~init~getPartitionToLoad: loading scratchpad partition"]
[45279][1778899427411][main][info]["userPartitionService: List of partitions:",[]]
[45279][1778899427411][main][info]["userPartitionService: users global meta:",{}]
[45279][1778899427419][main][info]["Main:windowManager~newRequesterWindow: Fetch and update runtime config: undefined"]
[45279][1778899427795][main][info]["[DatasetEngine] Extraction complete (version: 0.0.1-beta.17)"]
[45279][1778899427795][main][info]["[DatasetEngine] Extraction took 1462ms"]
[45279][1778899427806][main][info]["[DatasetEngine] Allocated port 43553 for daemon"]
[45279][1778899427806][main][info]["[DatasetEngine] Config written to /home/ciro/.config/Postman/dataset-engine/config.yml (port: 43553)"]
[45279][1778899427807][main][info]["[DatasetEngine] Spawning /home/ciro/.config/Postman/dataset-engine/postman-dataset-engine on port 43553"]
[45279][1778899427825][main][info]["[DatasetEngine] Secret channel: requests on fd 3, responses on fd 4"]
[45279][1778899427833][main][info]["[DatasetEngine] [daemon] 2026-05-15T21:43:47-05:00 INF ../../home/runner/work/dataset-engine/dataset-engine/pkg/lib/lib.go:89 > starting dataset daemon"]
[45279][1778899427837][main][info]["[DatasetEngine] [daemon] 2026-05-15T21:43:47-05:00 INF ../../home/runner/work/dataset-engine/dataset-engine/pkg/lib/lib.go:167 > opened meta.db for persistence path=/home/ciro/.config/Postman/dataset-engine/data/meta.db\n2026-05-15T21:43:47-05:00 INF ../../home/runner/work/dataset-engine/dataset-engine/pkg/lib/lib.go:412 > auto-discovered sqlite-xsv extension path=/home/ciro/.config/Postman/dataset-engine/xsv0.so\n2026-05-15T21:43:47-05:00 INF ../../home/runner/work/dataset-engine/dataset-engine/cmd/daemon/main.go:130 > secret resolver wired on fd 3 (write) / fd 4 (read)\n2026-05-15T21:43:47-05:00 INF ../../home/runner/work/dataset-engine/dataset-engine/pkg/ipc/server.go:52 > IPC server started – reading from stdin component=ipc-server"]
[45279][1778899427837][main][info]["[DatasetEngine] [daemon] 2026-05-15T21:43:47-05:00 INF ../../home/runner/work/dataset-engine/dataset-engine/pkg/http/server.go:61 > HTTP server listening address=127.0.0.1:43553 component=http"]
[45279][1778899428138][main][info]["[DatasetEngine] [daemon] 2026-05-15T21:43:48-05:00 INF ../../home/runner/work/dataset-engine/dataset-engine/pkg/http/middleware.go:39 > HTTP request component=http duration=0.046436 method=GET path=/v1/health request_id=e014e7fd-138a-42b7-958c-5197fc32c9fc status=200"]
[45279][1778899428141][main][info]["[DatasetEngine] Spawn + health check took 335ms"]
[45279][1778899428141][main][info]["[DatasetEngine] Daemon ready at http://127.0.0.1:43553 (total startup: 1809ms)"]
[45279][1778899430683][main][info]["RuntimeIPCAgent~started: Success"]
[45279][1778899430721][main][info]["Main~scratchpadThemeAction:: action: set, value: light"]
[45279][1778899430724][main][info]["Main~scratchpadThemeAction:: action: set, value: light"]
[45279][1778899430738][main][info]["Main~scratchpadThemeAction:: action: set, value: light"]
[45279][1778899430748][main][info]["UpdateHandler~app-update-events - Received event",{"name":"checkForElectronVersionUpdated","namespace":"appUpdate"}]
[45279][1778899430760][main][info]["windowManager: First requester booted successfully."]
[45279][1778899430760][main][info]["windowManager~restoreWindows: Restoring requester windows"]
[45279][1778899430761][main][info]["WebVersionService: Initialized successfully with version: undefined"]
[45279][1778899430761][main][info]["Main~AppEvents - Received booted event for process requester.Version undefined UI Version: undefined Desktop Platform Version: 12.10.6"]
[73250][1778959863025][main][info]["Booting Postman 12.10.6, linux-7.0.5-2-cachyos on x64"]
[73250][1778959863027][main][info]["EventBus~initialize - Success"]
[73250][1778959863028][main][info]["Proxy configuration has not been setup"]
[73250][1778959863028][main][info]["CloudProxyManager~init - Success"]
[73250][1778959863031][main][info]["performShellDataMigration: Migration has already been done. Bailing out"]
[73250][1778959863037][main][info]["UpdateHandler~init - Success"]
[73250][1778959863041][main][info]["LeaderSelection: Initialized successfully"]
[73250][1778959863042][main][info]["[DatasetEngine] Starting daemon (engine version: 0.0.1-beta.17, platform: linux-x64)"]
[73250][1778959863043][main][info]["[DatasetEngine] Binary already extracted and up to date, skipping extraction"]
[73250][1778959863629][main][info]["main~onAppReady - Mock server IPC setup successful"]
[73250][1778959863674][main][info]["GPU detected VID 4318 DID 9568 ACTIVE true"]
[73250][1778959863674][main][info]["GPU detected VID 32902 DID 18086 ACTIVE false"]
[73250][1778959863763][main][info]["main.js: Agent started"]
[73250][1778959863763][main][info]["main.js: Payment view IPC handlers initialized"]
[73250][1778959863764][main][info]["shellController~init: Success"]
[73250][1778959863764][main][info]["shellMeta~init: Success"]
[73250][1778959863764][main][info]["partitionMigrationService: State of V7 partition:"]
[73250][1778959863764][main][info]["partitionMigrationService: V7 partitions",[]]
[73250][1778959863764][main][info]["partitionMigrationService~rectifyNamespaceOfScratchPadPartition: There is no partition with scratchpad namespace"]
[73250][1778959863764][main][info]["partitionMigrationService~rectifyNamespaceOfScratchPadPartition: There is no transit partition which could have been used for scratchpad"]
[73250][1778959863764][main][info]["partitionMigrationService~init: Success"]
[73250][1778959863764][main][info]["partitionMigrationService~runV8PartitionsIntegrity: Two way migration~ removing the following partitions from v8",[]]
[73250][1778959863765][main][info]["userPartitionService~_rectifyTheActivePartitionOfApplication: Setting the active partition to ",null]
[73250][1778959863768][main][info]["[DatasetEngine] Allocated port 43351 for daemon"]
[73250][1778959863769][main][info]["[DatasetEngine] Config written to /home/ciro/.config/Postman/dataset-engine/config.yml (port: 43351)"]
[73250][1778959863769][main][info]["[DatasetEngine] Spawning /home/ciro/.config/Postman/dataset-engine/postman-dataset-engine on port 43351"]
[73250][1778959863774][main][info]["[DatasetEngine] Secret channel: requests on fd 3, responses on fd 4"]
[73250][1778959863784][main][info]["LinuxAutoUpdater~Cleanup - Initial cleanup successful"]
[73250][1778959863785][main][info]["[DatasetEngine] [daemon] 2026-05-16T14:31:03-05:00 INF ../../home/runner/work/dataset-engine/dataset-engine/pkg/lib/lib.go:89 > starting dataset daemon"]
[73250][1778959863786][main][info]["[DatasetEngine] [daemon] 2026-05-16T14:31:03-05:00 INF ../../home/runner/work/dataset-engine/dataset-engine/pkg/lib/lib.go:167 > opened meta.db for persistence path=/home/ciro/.config/Postman/dataset-engine/data/meta.db\n2026-05-16T14:31:03-05:00 INF ../../home/runner/work/dataset-engine/dataset-engine/pkg/lib/lib.go:412 > auto-discovered sqlite-xsv extension path=/home/ciro/.config/Postman/dataset-engine/xsv0.so"]
[73250][1778959863787][main][info]["newAccountRegionPreferenceService~getPreferenceWithFallback - Preference not found in storage."]
[73250][1778959863787][main][info]["newAccountRegionPreferenceService~getToggleMenuTemplate - Using preference:","useUSRegion"]
[73250][1778959863790][main][info]["[DatasetEngine] [daemon] 2026-05-16T14:31:03-05:00 INF ../../home/runner/work/dataset-engine/dataset-engine/cmd/daemon/main.go:130 > secret resolver wired on fd 3 (write) / fd 4 (read)\n2026-05-16T14:31:03-05:00 INF ../../home/runner/work/dataset-engine/dataset-engine/pkg/ipc/server.go:52 > IPC server started – reading from stdin component=ipc-server\n2026-05-16T14:31:03-05:00 INF ../../home/runner/work/dataset-engine/dataset-engine/pkg/http/server.go:61 > HTTP server listening address=127.0.0.1:43351 component=http"]
[73250][1778959863801][main][info]["userPartitionService~init: Success"]
[73250][1778959863812][main][info]["WindowManager~newRequesterWindow: called",{"source":"openFirstRequesterWindow","isFirstRequester":true,"hasAuthResponse":false,"hasWindowId":true,"isFirstRequesterBooted":false,"isRelaunchingRequesterWindows":false,"openWindowCount":0}]
[73250][1778959863812][main][info]["userPartitionService: State of v8 partition system:"]
[73250][1778959863812][main][info]["shell~init~getPartitionToLoad: loading scratchpad partition"]
[73250][1778959863813][main][info]["userPartitionService: List of partitions:",[{"partitionId":"4db8d2f2-9fd4-4bdc-972c-b5d878b8ad0e","namespace":"scratchPad","userId":0,"teamId":0,"isDirty":false}]]
[73250][1778959863813][main][info]["userPartitionService: users global meta:",{}]
[73250][1778959863813][main][info]["Main:windowManager~newRequesterWindow: Fetch and update runtime config: undefined"]
[73250][1778959864083][main][info]["[DatasetEngine] [daemon] 2026-05-16T14:31:04-05:00 INF ../../home/runner/work/dataset-engine/dataset-engine/pkg/http/middleware.go:39 > HTTP request component=http duration=0.023227 method=GET path=/v1/health request_id=381b2305-7308-44d7-badd-ea9583e6e27d status=200"]
[73250][1778959864085][main][info]["[DatasetEngine] Spawn + health check took 316ms"]
[73250][1778959864085][main][info]["[DatasetEngine] Daemon ready at http://127.0.0.1:43351 (total startup: 1043ms)"]
[73250][1778959865091][main][info]["RuntimeIPCAgent~started: Success"]
[73250][1778959865102][main][info]["Main~scratchpadThemeAction:: action: set, value: light"]
[73250][1778959865103][main][info]["Main~scratchpadThemeAction:: action: set, value: light"]
[73250][1778959865109][main][info]["Main~scratchpadThemeAction:: action: set, value: light"]
[73250][1778959865120][main][info]["UpdateHandler~app-update-events - Received event",{"name":"checkForElectronVersionUpdated","namespace":"appUpdate"}]
[73250][1778959865123][main][info]["windowManager: First requester booted successfully."]
[73250][1778959865123][main][info]["windowManager~restoreWindows: Restoring requester windows"]
[73250][1778959865124][main][info]["WebVersionService: Initialized successfully with version: undefined"]
[73250][1778959865124][main][info]["Main~AppEvents - Received booted event for process requester.Version undefined UI Version: undefined Desktop Platform Version: 12.10.6"]
[73250][1778960580790][main][info]["Quitting app"]
[97314][1779239219725][main][info]["Booting Postman 12.10.6, linux-7.0.5-2-cachyos on x64"]
[97314][1779239219726][main][info]["EventBus~initialize - Success"]
[97314][1779239219727][main][info]["Proxy configuration has not been setup"]
[97314][1779239219728][main][info]["CloudProxyManager~init - Success"]
[97314][1779239219730][main][info]["performShellDataMigration: Migration has already been done. Bailing out"]
[97314][1779239219735][main][info]["UpdateHandler~init - Success"]
[97314][1779239219737][main][info]["LeaderSelection: Initialized successfully"]
[97314][1779239219738][main][info]["[DatasetEngine] Starting daemon (engine version: 0.0.1-beta.17, platform: linux-x64)"]
[97314][1779239219739][main][info]["[DatasetEngine] Binary already extracted and up to date, skipping extraction"]
[97314][1779239220303][main][info]["main~onAppReady - Mock server IPC setup successful"]
[97314][1779239220366][main][info]["GPU detected VID 4318 DID 9568 ACTIVE true"]
[97314][1779239220367][main][info]["GPU detected VID 32902 DID 18086 ACTIVE false"]
[97314][1779239220476][main][info]["main.js: Agent started"]
[97314][1779239220476][main][info]["main.js: Payment view IPC handlers initialized"]
[97314][1779239220476][main][info]["shellController~init: Success"]
[97314][1779239220476][main][info]["shellMeta~init: Success"]
[97314][1779239220476][main][info]["partitionMigrationService: State of V7 partition:"]
[97314][1779239220476][main][info]["partitionMigrationService: V7 partitions",[]]
[97314][1779239220476][main][info]["partitionMigrationService~rectifyNamespaceOfScratchPadPartition: There is no partition with scratchpad namespace"]
[97314][1779239220477][main][info]["partitionMigrationService~rectifyNamespaceOfScratchPadPartition: There is no transit partition which could have been used for scratchpad"]
[97314][1779239220477][main][info]["partitionMigrationService~init: Success"]
[97314][1779239220477][main][info]["partitionMigrationService~runV8PartitionsIntegrity: Two way migration~ removing the following partitions from v8",[]]
[97314][1779239220477][main][info]["userPartitionService~_rectifyTheActivePartitionOfApplication: Setting the active partition to ",null]
[97314][1779239220481][main][info]["[DatasetEngine] Allocated port 41871 for daemon"]
[97314][1779239220481][main][info]["[DatasetEngine] Config written to /home/ciro/.config/Postman/dataset-engine/config.yml (port: 41871)"]
[97314][1779239220481][main][info]["[DatasetEngine] Spawning /home/ciro/.config/Postman/dataset-engine/postman-dataset-engine on port 41871"]
[97314][1779239220487][main][info]["[DatasetEngine] Secret channel: requests on fd 3, responses on fd 4"]
[97314][1779239220497][main][info]["LinuxAutoUpdater~Cleanup - Initial cleanup successful"]
[97314][1779239220499][main][info]["newAccountRegionPreferenceService~getPreferenceWithFallback - Preference not found in storage."]
[97314][1779239220499][main][info]["newAccountRegionPreferenceService~getToggleMenuTemplate - Using preference:","useUSRegion"]
[97314][1779239220501][main][info]["[DatasetEngine] [daemon] 2026-05-19T20:07:00-05:00 INF ../../home/runner/work/dataset-engine/dataset-engine/pkg/lib/lib.go:89 > starting dataset daemon\n2026-05-19T20:07:00-05:00 INF ../../home/runner/work/dataset-engine/dataset-engine/pkg/lib/lib.go:167 > opened meta.db for persistence path=/home/ciro/.config/Postman/dataset-engine/data/meta.db\n2026-05-19T20:07:00-05:00 INF ../../home/runner/work/dataset-engine/dataset-engine/pkg/lib/lib.go:412 > auto-discovered sqlite-xsv extension path=/home/ciro/.config/Postman/dataset-engine/xsv0.so\n2026-05-19T20:07:00-05:00 INF ../../home/runner/work/dataset-engine/dataset-engine/cmd/daemon/main.go:130 > secret resolver wired on fd 3 (write) / fd 4 (read)\n2026-05-19T20:07:00-05:00 INF ../../home/runner/work/dataset-engine/dataset-engine/pkg/ipc/server.go:52 > IPC server started – reading from stdin component=ipc-server"]
[97314][1779239220502][main][info]["[DatasetEngine] [daemon] 2026-05-19T20:07:00-05:00 INF ../../home/runner/work/dataset-engine/dataset-engine/pkg/http/server.go:61 > HTTP server listening address=127.0.0.1:41871 component=http"]
[97314][1779239220513][main][info]["userPartitionService~init: Success"]
[97314][1779239220526][main][info]["WindowManager~newRequesterWindow: called",{"source":"openFirstRequesterWindow","isFirstRequester":true,"hasAuthResponse":false,"hasWindowId":true,"isFirstRequesterBooted":false,"isRelaunchingRequesterWindows":false,"openWindowCount":0}]
[97314][1779239220527][main][info]["userPartitionService: State of v8 partition system:"]
[97314][1779239220527][main][info]["shell~init~getPartitionToLoad: loading scratchpad partition"]
[97314][1779239220527][main][info]["userPartitionService: List of partitions:",[{"partitionId":"4db8d2f2-9fd4-4bdc-972c-b5d878b8ad0e","namespace":"scratchPad","userId":0,"teamId":0,"isDirty":false}]]
[97314][1779239220527][main][info]["userPartitionService: users global meta:",{}]
[97314][1779239220527][main][info]["Main:windowManager~newRequesterWindow: Fetch and update runtime config: undefined"]
[97314][1779239220798][main][info]["[DatasetEngine] [daemon] 2026-05-19T20:07:00-05:00 INF ../../home/runner/work/dataset-engine/dataset-engine/pkg/http/middleware.go:39 > HTTP request component=http duration=0.043034 method=GET path=/v1/health request_id=56ce34b4-0000-4568-8ba3-ce8cf3c4c24d status=200"]
[97314][1779239220799][main][info]["[DatasetEngine] Spawn + health check took 318ms"]
[97314][1779239220799][main][info]["[DatasetEngine] Daemon ready at http://127.0.0.1:41871 (total startup: 1061ms)"]
[97314][1779239221882][main][info]["RuntimeIPCAgent~started: Success"]
[97314][1779239221902][main][info]["Main~scratchpadThemeAction:: action: set, value: light"]
[97314][1779239221903][main][info]["Main~scratchpadThemeAction:: action: set, value: light"]
[97314][1779239221912][main][info]["Main~scratchpadThemeAction:: action: set, value: light"]
[97314][1779239221917][main][info]["UpdateHandler~app-update-events - Received event",{"name":"checkForElectronVersionUpdated","namespace":"appUpdate"}]
[97314][1779239221920][main][info]["windowManager: First requester booted successfully."]
[97314][1779239221920][main][info]["windowManager~restoreWindows: Restoring requester windows"]
[97314][1779239221920][main][info]["WebVersionService: Initialized successfully with version: undefined"]
[97314][1779239221921][main][info]["Main~AppEvents - Received booted event for process requester.Version undefined UI Version: undefined Desktop Platform Version: 12.10.6"]
[97314][1779239232351][main][info]["UpdateHandler~app-update-events - Received event",{"name":"updateElectron","namespace":"appUpdate","data":{"channel":"stable","version":"12.10.6","downloadVersion":"12.11.2","appId":"7b03c050-6a38-43ce-9220-66e0acbd0659","userAgent":"Mozilla/5.0 (X11; Linux x86_64) AppleWebKit/537.36 (KHTML, like Gecko) Postman/12.10.6 Electron/37.10.3 Safari/537.36","platform":"linux_64","downloadURL":"https://dl.pstmn.io/download/version/12.11.2/linux_64","updateServerDomain":"https://dl.pstmn.io/","additionalParamsString":"installationId=7b03c050-6a38-43ce-9220-66e0acbd0659&userId=0&syncEnabled=false&teamPlan=&teamId=0","kernelVersion":"7.0.5-2-cachyos","userId":"0"}}]
[97314][1779239232351][main][info]["LinuxUpdater~downloadUpdate - UpdateInfo received",{"channel":"stable","version":"12.10.6","downloadVersion":"12.11.2","appId":"7b03c050-6a38-43ce-9220-66e0acbd0659","userAgent":"Mozilla/5.0 (X11; Linux x86_64) AppleWebKit/537.36 (KHTML, like Gecko) Postman/12.10.6 Electron/37.10.3 Safari/537.36","platform":"linux_64","downloadURL":"https://dl.pstmn.io/download/version/12.11.2/linux_64","updateServerDomain":"https://dl.pstmn.io/","additionalParamsString":"installationId=7b03c050-6a38-43ce-9220-66e0acbd0659&userId=0&syncEnabled=false&teamPlan=&teamId=0","kernelVersion":"7.0.5-2-cachyos","userId":"0"}]
[97314][1779239232636][main][error]["@postman/app-updater: error",{"errno":-13,"code":"EACCES","syscall":"open","path":"/opt/postman/Postman-1779239232352.tar.gz","name":"Error","message":"EACCES: permission denied, open '/opt/postman/Postman-1779239232352.tar.gz'","stack":"Error: EACCES: permission denied, open '/opt/postman/Postman-1779239232352.tar.gz'"},{"context":{"api":"@postman/app-updater","domain":"starship"},"info":"{\"packageName\":\"Postman\",\"eID\":\"Postman-1779239232352\",\"downloadURL\":\"https://dl.pstmn.io/download/version/12.11.2/linux_64\",\"downloadDirectory\":\"/opt/postman\",\"downloadInfo\":{\"status\":\"DOWNLOAD_ERROR\",\"error\":{\"errno\":-13,\"code\":\"EACCES\",\"syscall\":\"open\",\"path\":\"/opt/postman/Postman-1779239232352.tar.gz\"},\"downloadDirectory\":\"/opt/postman\"}}"}]
[97314][1779239232640][main][info]["UpdateHandler~app-update-events - Received event",{"name":"electronAppUpdateError","namespace":"appUpdate","data":{"error":{"errno":-13,"code":"EACCES","syscall":"open","path":"/opt/postman/Postman-1779239232352.tar.gz","name":"Error","message":"EACCES: permission denied, open '/opt/postman/Postman-1779239232352.tar.gz'","stack":"Error: EACCES: permission denied, open '/opt/postman/Postman-1779239232352.tar.gz'"},"updateData":{"packageName":"Postman","eID":"Postman-1779239232352","downloadURL":"https://dl.pstmn.io/download/version/12.11.2/linux_64","downloadDirectory":"/opt/postman","downloadInfo":{"status":"DOWNLOAD_ERROR","error":{"errno":-13,"code":"EACCES","syscall":"open","path":"/opt/postman/Postman-1779239232352.tar.gz"},"downloadDirectory":"/opt/postman"}}}}]
[97314][1779239232791][main][warn]["NewRelicService~RecordCustomEvent: API request failed",{"name":"Error","message":"Received status code 429 from NewRelic","stack":"Error: Received status code 429 from NewRelic\n    at /opt/postman/app/resources/app/main.js:1090:36219\n    at IncomingMessage.<anonymous> (/opt/postman/app/resources/app/main.js:1090:35741)\n    at Object.onceWrapper (node:events:633:28)\n    at IncomingMessage.emit (node:events:531:35)\n    at IncomingMessage.emit (node:domain:489:12)\n    at endReadableNT (node:internal/streams/readable:1698:12)\n    at process.processTicksAndRejections (node:internal/process/task_queues:90:21)"}]
